<?xml version="1.0" encoding="UTF-8"?>
<!-- Generated by org.testng.reporters.JUnitReportReporter -->
<testsuite skipped="0" hostname="CTLT095" name="com.htcindia.trracs.testcases.Sample_003" tests="1" failures="0" timestamp="2020-01-08T13:00:29 IST" time="16.727" errors="0">
  <testcase name="TC_003" time="16.727" classname="com.htcindia.trracs.testcases.Sample_003"/>
  <system-out/>
</testsuite> <!-- com.htcindia.trracs.testcases.Sample_003 -->
