<?xml version="1.0" encoding="UTF-8"?>
<!-- Generated by org.testng.reporters.JUnitReportReporter -->
<testsuite hostname="IMPC2827" name="com.htcindia.trracs.helpers.ExcelCheck" tests="2" failures="0" timestamp="4 Feb 2020 11:25:04 GMT" time="0.000" errors="0">
  <testcase name="TC001_Enable_PreferredList" time="0.000" classname="com.htcindia.trracs.helpers.ExcelCheck"/>
  <testcase name="TC001_Enable_PreferredList" time="0.000" classname="com.htcindia.trracs.helpers.ExcelCheck"/>
</testsuite> <!-- com.htcindia.trracs.helpers.ExcelCheck -->
