<?xml version="1.0" encoding="UTF-8"?>
<!-- Generated by org.testng.reporters.JUnitReportReporter -->
<testsuite skipped="0" hostname="CTLT095" name="com.htcindia.selenium.docker.testcases.Sample3" tests="2" failures="0" timestamp="2019-12-04T23:40:52 IST" time="0.014" errors="0">
  <testcase name="TC_005" time="0.008" classname="com.htcindia.selenium.docker.testcases.Sample3"/>
  <testcase name="TC_006" time="0.006" classname="com.htcindia.selenium.docker.testcases.Sample3"/>
</testsuite> <!-- com.htcindia.selenium.docker.testcases.Sample3 -->
