<?xml version="1.0" encoding="UTF-8"?>
<!-- Generated by org.testng.reporters.JUnitReportReporter -->
<testsuite skipped="0" hostname="CTLT095" name="com.htcindia.selenium.docker.testcases.Sample4" tests="2" failures="0" timestamp="2019-12-04T23:36:47 IST" time="0.002" errors="0">
  <testcase name="TC_008" time="0.001" classname="com.htcindia.selenium.docker.testcases.Sample4"/>
  <testcase name="TC_007" time="0.001" classname="com.htcindia.selenium.docker.testcases.Sample4"/>
</testsuite> <!-- com.htcindia.selenium.docker.testcases.Sample4 -->
