<?xml version="1.0" encoding="UTF-8"?>
<!-- Generated by org.testng.reporters.JUnitReportReporter -->
<testsuite skipped="0" hostname="CTLT095" name="com.htcindia.selenium.docker.testcases.Sample1" tests="2" failures="0" timestamp="2019-12-04T23:40:52 IST" time="0.018" errors="0">
  <testcase name="TC_002" time="0.007" classname="com.htcindia.selenium.docker.testcases.Sample1"/>
  <testcase name="TC_001" time="0.011" classname="com.htcindia.selenium.docker.testcases.Sample1"/>
</testsuite> <!-- com.htcindia.selenium.docker.testcases.Sample1 -->
