<?xml version="1.0" encoding="UTF-8"?>
<!-- Generated by org.testng.reporters.JUnitReportReporter -->
<testsuite hostname="IMPC2827" name="com.htcindia.trracs.testcases.BOEClosureTest" tests="1" failures="0" timestamp="19 Feb 2020 09:34:41 GMT" time="12.997" errors="0">
  <testcase name="T001_openBOEClosure" time="12.997" classname="com.htcindia.trracs.testcases.BOEClosureTest"/>
</testsuite> <!-- com.htcindia.trracs.testcases.BOEClosureTest -->
