<?xml version="1.0" encoding="UTF-8"?>
<!-- Generated by org.testng.reporters.JUnitReportReporter -->
<testsuite skipped="0" hostname="CTLT095" name="com.htcindia.selenium.docker.testbase.TestSetUp" tests="1" failures="0" timestamp="2019-12-04T19:37:40 IST" time="0.004" errors="0">
  <testcase name="TC_001" time="0.004" classname="com.htcindia.selenium.docker.testbase.TestSetUp"/>
</testsuite> <!-- com.htcindia.selenium.docker.testbase.TestSetUp -->
