<?xml version="1.0" encoding="UTF-8"?>
<!-- Generated by org.testng.reporters.JUnitReportReporter -->
<testsuite skipped="0" hostname="CTLT095" name="com.htcindia.trracs.testcases.SampleTest_002" tests="3" failures="0" timestamp="2020-01-08T23:38:08 IST" time="120.598" errors="0">
  <testcase name="TC_005" time="19.389" classname="com.htcindia.trracs.testcases.SampleTest_002"/>
  <system-out/>
  <testcase name="TC_004" time="17.163" classname="com.htcindia.trracs.testcases.SampleTest_002"/>
  <system-out/>
  <testcase name="TC_006" time="84.046" classname="com.htcindia.trracs.testcases.SampleTest_002"/>
  <system-out/>
</testsuite> <!-- com.htcindia.trracs.testcases.SampleTest_002 -->
