<?xml version="1.0" encoding="UTF-8"?>
<!-- Generated by org.testng.reporters.JUnitReportReporter -->
<testsuite hostname="IMPC2827" name="com.htcindia.trracs.testcases.OrmMasterPageTest" tests="14" failures="0" timestamp="19 Feb 2020 08:11:00 GMT" time="51.924" errors="0">
  <testcase name="TC13_editORM" time="4.538" classname="com.htcindia.trracs.testcases.OrmMasterPageTest"/>
  <testcase name="TC03_selectDate" time="15.231" classname="com.htcindia.trracs.testcases.OrmMasterPageTest"/>
  <testcase name="TC05_adCodeField" time="3.593" classname="com.htcindia.trracs.testcases.OrmMasterPageTest"/>
  <testcase name="TC02_checkPresenceofElements" time="1.583" classname="com.htcindia.trracs.testcases.OrmMasterPageTest"/>
  <testcase name="TC08_clickSearchButton" time="3.611" classname="com.htcindia.trracs.testcases.OrmMasterPageTest"/>
  <testcase name="TC14_cancelORM" time="1.165" classname="com.htcindia.trracs.testcases.OrmMasterPageTest"/>
  <testcase name="TC04_ormReferenceNumberField" time="0.194" classname="com.htcindia.trracs.testcases.OrmMasterPageTest"/>
  <testcase name="TC01_navigateToOrmMaster" time="8.483" classname="com.htcindia.trracs.testcases.OrmMasterPageTest"/>
  <testcase name="TC07_remittanceStatusField" time="4.265" classname="com.htcindia.trracs.testcases.OrmMasterPageTest"/>
  <testcase name="TC12_viewORMDetails" time="2.234" classname="com.htcindia.trracs.testcases.OrmMasterPageTest"/>
  <testcase name="TC11_navigateToAddRemittance" time="2.259" classname="com.htcindia.trracs.testcases.OrmMasterPageTest"/>
  <testcase name="TC06_ieCodeField" time="1.242" classname="com.htcindia.trracs.testcases.OrmMasterPageTest"/>
  <testcase name="TC10_uploadOrmFile" time="1.276" classname="com.htcindia.trracs.testcases.OrmMasterPageTest"/>
  <testcase name="TC09_downloadORM" time="2.250" classname="com.htcindia.trracs.testcases.OrmMasterPageTest"/>
</testsuite> <!-- com.htcindia.trracs.testcases.OrmMasterPageTest -->
