<?xml version="1.0" encoding="UTF-8"?>
<!-- Generated by org.testng.reporters.JUnitReportReporter -->
<testsuite skipped="0" hostname="CTLT095" name="com.htcindia.selenium.docker.testcases.Sample" tests="2" failures="0" timestamp="2019-12-04T23:08:04 IST" time="0.005" errors="0">
  <testcase name="TC_001" time="0.004" classname="com.htcindia.selenium.docker.testcases.Sample"/>
  <testcase name="TC_002" time="0.001" classname="com.htcindia.selenium.docker.testcases.Sample"/>
</testsuite> <!-- com.htcindia.selenium.docker.testcases.Sample -->
