<?xml version="1.0" encoding="UTF-8"?>
<!-- Generated by org.testng.reporters.JUnitReportReporter -->
<testsuite skipped="0" hostname="CTLT095" name="test.ExtentReport" tests="1" failures="0" timestamp="2020-01-23T12:40:50 IST" time="0.210" errors="0">
  <testcase name="TC_001" time="0.210" classname="test.ExtentReport"/>
  <system-out/>
</testsuite> <!-- test.ExtentReport -->
