<?xml version="1.0" encoding="UTF-8"?>
<!-- Generated by org.testng.reporters.JUnitReportReporter -->
<testsuite skipped="0" hostname="CTLT095" name="com.htcindia.trracs.testcases.SampleTest_003" tests="1" failures="0" timestamp="2020-01-11T20:53:06 IST" time="1.813" errors="0">
  <testcase name="TC_004" time="1.813" classname="com.htcindia.trracs.testcases.SampleTest_003"/>
  <system-out/>
</testsuite> <!-- com.htcindia.trracs.testcases.SampleTest_003 -->
