<?xml version="1.0" encoding="UTF-8"?>
<!-- Generated by org.testng.reporters.JUnitReportReporter -->
<testsuite skipped="0" hostname="CTLT095" name="com.htcindia.trracs.testcases.SampleTest_001" tests="3" failures="0" timestamp="2020-01-20T13:02:32 IST" time="39.626" errors="0">
  <testcase name="TC_001" time="12.623" classname="com.htcindia.trracs.testcases.SampleTest_001"/>
  <system-out/>
  <testcase name="TC_003" time="14.544" classname="com.htcindia.trracs.testcases.SampleTest_001"/>
  <system-out/>
  <testcase name="TC_002" time="12.459" classname="com.htcindia.trracs.testcases.SampleTest_001"/>
  <system-out/>
</testsuite> <!-- com.htcindia.trracs.testcases.SampleTest_001 -->
