<?xml version="1.0" encoding="UTF-8"?>
<!-- Generated by org.testng.reporters.JUnitReportReporter -->
<testsuite skipped="0" hostname="CTLT095" name="com.htcindia.trracs.testcases.Sample" tests="3" failures="0" timestamp="2020-01-03T19:20:11 IST" time="0.006" errors="0">
  <testcase name="TC_001" time="0.002" classname="com.htcindia.trracs.testcases.Sample"/>
  <system-out/>
  <testcase name="TC_002" time="0.002" classname="com.htcindia.trracs.testcases.Sample"/>
  <system-out/>
  <testcase name="TC_003" time="0.002" classname="com.htcindia.trracs.testcases.Sample"/>
  <system-out/>
</testsuite> <!-- com.htcindia.trracs.testcases.Sample -->
