<?xml version="1.0" encoding="UTF-8"?>
<!-- Generated by org.testng.reporters.JUnitReportReporter -->
<testsuite skipped="0" hostname="CTLT095" name="com.htcindia.trracs.testcases.SampleTest_002" tests="3" failures="0" timestamp="2020-01-20T13:02:32 IST" time="51.771" errors="0">
  <testcase name="TC_005" time="14.547" classname="com.htcindia.trracs.testcases.SampleTest_002"/>
  <system-out/>
  <testcase name="TC_004" time="12.650" classname="com.htcindia.trracs.testcases.SampleTest_002"/>
  <system-out/>
  <testcase name="TC_006" time="24.574" classname="com.htcindia.trracs.testcases.SampleTest_002"/>
  <system-out/>
</testsuite> <!-- com.htcindia.trracs.testcases.SampleTest_002 -->
