<?xml version="1.0" encoding="UTF-8"?>
<!-- Generated by org.testng.reporters.JUnitReportReporter -->
<testsuite skipped="0" hostname="CTLT095" name="com.htcindia.trracs.testcases.Sample_001" tests="3" failures="0" timestamp="2020-01-07T00:20:30 IST" time="0.015" errors="0">
  <testcase name="TC_004" time="0.007" classname="com.htcindia.trracs.testcases.Sample_001"/>
  <system-out/>
  <testcase name="TC_006" time="0.001" classname="com.htcindia.trracs.testcases.Sample_001"/>
  <system-out/>
  <testcase name="TC_005" time="0.007" classname="com.htcindia.trracs.testcases.Sample_001"/>
  <system-out/>
</testsuite> <!-- com.htcindia.trracs.testcases.Sample_001 -->
