<?xml version="1.0" encoding="UTF-8"?>
<!-- Generated by org.testng.reporters.JUnitReportReporter -->
<testsuite skipped="0" hostname="CTLT095" name="com.htcindia.trracs.testcases.SampleTest" tests="1" failures="0" timestamp="2020-01-08T22:28:36 IST" time="34.407" errors="0">
  <testcase name="TC_001" time="34.407" classname="com.htcindia.trracs.testcases.SampleTest"/>
  <system-out/>
</testsuite> <!-- com.htcindia.trracs.testcases.SampleTest -->
